#
# A fatal error has been detected by the Java Runtime Environment:
#
#  EXCEPTION_ACCESS_VIOLATION (0xc0000005) at pc=0x0000000069ac298f, pid=8764, tid=9480
#
# JRE version: Java(TM) SE Runtime Environment (15.0.2+7) (build 15.0.2+7-27)
# Java VM: Java HotSpot(TM) 64-Bit Server VM (15.0.2+7-27, mixed mode, sharing, tiered, compressed oops, g1 gc, windows-amd64)
# Problematic frame:
# C  [jansi-2.1.0-cf6b91a0247a02d-jansi.dll+0x298f]
#
# No core dump will be written. Minidumps are not enabled by default on client versions of Windows
#
# If you would like to submit a bug report, please visit:
#   https://bugreport.java.com/bugreport/crash.jsp
# The crash happened outside the Java Virtual Machine in native code.
# See problematic frame for where to report the bug.
#

---------------  S U M M A R Y ------------

Command Line: D:\Downloads\Midi_Ascii_Party_Rebelde-main\Midi_Ascii_Party_Rebelde-main\jansi-2.1.0.jar

Host: Intel(R) Core(TM) i3-9100F CPU @ 3.60GHz, 4 cores, 11G,  Windows 10 , 64 bit Build 19041 (10.0.19041.928)
Time: Wed May 19 09:20:25 2021 Hora est. Pacífico, Sudamérica elapsed time: 0.241463 seconds (0d 0h 0m 0s)

---------------  T H R E A D  ---------------

Current thread (0x00000221746d1bb0):  JavaThread "main" [_thread_in_native, id=9480, stack(0x0000004583300000,0x0000004583400000)]

Stack: [0x0000004583300000,0x0000004583400000],  sp=0x00000045833feea0,  free space=1019k
Native frames: (J=compiled Java code, j=interpreted, Vv=VM code, C=native code)
C  [jansi-2.1.0-cf6b91a0247a02d-jansi.dll+0x298f]

Java frames: (J=compiled Java code, j=interpreted, Vv=VM code)
j  org.fusesource.jansi.internal.CLibrary.isatty(I)I+0
j  org.fusesource.jansi.AnsiMain.diagnoseTty(Z)V+15
j  org.fusesource.jansi.AnsiMain.main([Ljava/lang/String;)V+775
v  ~StubRoutines::call_stub

siginfo: EXCEPTION_ACCESS_VIOLATION (0xc0000005), writing address 0x0000000000000000


Register to memory mapping:

RIP=0x0000000069ac298f jansi-2.1.0-cf6b91a0247a02d-jansi.dll
RAX=0x0 is NULL
RBX={method} {0x00000221173bdb98} 'isatty' '(I)I' in 'org/fusesource/jansi/internal/CLibrary'
RCX=0x0 is NULL
RDX=0x0000000069ac7362 jansi-2.1.0-cf6b91a0247a02d-jansi.dll
RSP=0x00000045833feea0 is pointing into the stack for thread: 0x00000221746d1bb0
RBP=0x00000045833ff360 is pointing into the stack for thread: 0x00000221746d1bb0
RSI=0x0000000000000002 is an unknown value
RDI=0x000000000000007b is an unknown value
R8 =0x00000045833fee98 is pointing into the stack for thread: 0x00000221746d1bb0
R9 =0x00000045833ff360 is pointing into the stack for thread: 0x00000221746d1bb0
R10=0x0 is NULL
R11=0x0000000000000246 is an unknown value
R12=0x0 is NULL
R13={method} {0x00000221173bdb98} 'isatty' '(I)I' in 'org/fusesource/jansi/internal/CLibrary'
R14=0x00000045833ff380 is pointing into the stack for thread: 0x00000221746d1bb0
R15=0x00000221746d1bb0 is a thread


Registers:
RAX=0x0000000000000000, RBX=0x00000221173bdb90, RCX=0x0000000000000000, RDX=0x0000000069ac7362
RSP=0x00000045833feea0, RBP=0x00000045833ff360, RSI=0x0000000000000002, RDI=0x000000000000007b
R8 =0x00000045833fee98, R9 =0x00000045833ff360, R10=0x0000000000000000, R11=0x0000000000000246
R12=0x0000000000000000, R13=0x00000221173bdb90, R14=0x00000045833ff380, R15=0x00000221746d1bb0
RIP=0x0000000069ac298f, EFLAGS=0x0000000000010246

Top of Stack: (sp=0x00000045833feea0)
0x00000045833feea0:   00000221173bdb90 00007ff88c34d010
0x00000045833feeb0:   00000045833ff360 0000000000000002
0x00000045833feec0:   00000045833feedc 00007ff800000000
0x00000045833feed0:   00000000ffffffff 000000101e7d2b30
0x00000045833feee0:   0000000000000000 0000000000000000
0x00000045833feef0:   00000221173bdb90 00000221746d1bb0
0x00000045833fef00:   00000045833ff0d0 00007ff81e5a80c3
0x00000045833fef10:   00000045833ff1f0 000002210002cd00
0x00000045833fef20:   00000000ffffffff 00007ff81e574424
0x00000045833fef30:   00000221173bdb90 00000221746d1bb0
0x00000045833fef40:   00007ff81ea48bf0 0000000000000000
0x00000045833fef50:   0000004500000007 000002210000c216
0x00000045833fef60:   00000221173bdb90 00000045833ff100
0x00000045833fef70:   000002210000c216 00007ff81e85cac8
0x00000045833fef80:   000002210002dd6c 000000000000000e
0x00000045833fef90:   00000045833ff0d0 00007ff81e433821 

Instructions: (pc=0x0000000069ac298f)
0x0000000069ac288f:   80 04 00 00 48 8b 54 24 28 48 8b 4c 24 20 41 b9
0x0000000069ac289f:   08 00 00 00 49 89 c0 48 89 d8 48 83 c4 30 5b 48
0x0000000069ac28af:   ff e0 e9 2c f7 ff ff 90 90 90 90 90 90 90 90 90
0x0000000069ac28bf:   90 41 54 48 81 ec 40 04 00 00 44 89 c1 ff 15 f2
0x0000000069ac28cf:   9a 00 00 49 89 c4 48 89 c1 ff 15 ce 99 00 00 83
0x0000000069ac28df:   f8 02 75 15 48 8d 54 24 40 4c 89 e1 ff 15 8b 99
0x0000000069ac28ef:   00 00 85 c0 e9 ba 00 00 00 48 83 3d 20 77 00 00
0x0000000069ac28ff:   00 75 14 48 8d 0d 37 4a 00 00 ff 15 e5 99 00 00
0x0000000069ac290f:   48 89 05 0a 77 00 00 48 8b 0d 03 77 00 00 48 85
0x0000000069ac291f:   c9 75 07 31 c0 e9 aa 00 00 00 48 83 3d f7 76 00
0x0000000069ac292f:   00 00 75 14 48 8d 15 1a 4a 00 00 ff 15 84 99 00
0x0000000069ac293f:   00 48 89 05 e1 76 00 00 48 8b 05 da 76 00 00 48
0x0000000069ac294f:   85 c0 74 cf 48 8d 54 24 3c 41 b9 fe 03 00 00 4c
0x0000000069ac295f:   8d 44 24 40 4c 89 e1 48 89 54 24 20 ba 01 00 00
0x0000000069ac296f:   00 ff d0 85 c0 75 ac 8b 44 24 40 4c 8b 64 24 48
0x0000000069ac297f:   48 8d 15 dc 49 00 00 66 d1 e8 4c 89 e1 0f b7 c0
0x0000000069ac298f:   66 41 c7 04 44 00 00 e8 75 27 00 00 48 85 c0 74
0x0000000069ac299f:   1a 48 8d 15 c7 49 00 00 4c 89 e1 e8 61 27 00 00
0x0000000069ac29af:   48 85 c0 0f 95 c0 0f b6 c0 eb 19 48 8d 15 b7 49
0x0000000069ac29bf:   00 00 4c 89 e1 e8 47 27 00 00 48 85 c0 75 d2 e9
0x0000000069ac29cf:   4f ff ff ff 48 81 c4 40 04 00 00 41 5c c3 90 90
0x0000000069ac29df:   90 41 54 48 83 ec 20 83 3d f3 7f 00 00 00 49 89
0x0000000069ac29ef:   cc 75 6b 48 8b 01 ff 90 f8 00 00 00 4c 8d 0d 8e
0x0000000069ac29ff:   49 00 00 4c 8d 05 89 49 00 00 4c 89 e1 48 89 c2
0x0000000069ac2a0f:   48 89 05 d2 7f 00 00 49 8b 04 24 ff 90 f0 02 00
0x0000000069ac2a1f:   00 48 8b 15 c1 7f 00 00 4c 8d 0d 6f 49 00 00 4c
0x0000000069ac2a2f:   89 e1 48 89 05 b8 7f 00 00 49 8b 04 24 4c 8d 05
0x0000000069ac2a3f:   5c 49 00 00 ff 90 f0 02 00 00 48 89 05 a8 7f 00
0x0000000069ac2a4f:   00 0f ae f0 c7 05 83 7f 00 00 01 00 00 00 48 83
0x0000000069ac2a5f:   c4 20 41 5c c3 41 56 41 55 41 54 48 83 ec 20 83
0x0000000069ac2a6f:   3d 6b 7f 00 00 00 49 89 cc 49 89 d6 4d 89 c5 75
0x0000000069ac2a7f:   05 e8 5b ff ff ff 49 8b 04 24 4c 89 f2 4c 89 e1 


Stack slot to memory mapping:
stack at sp + 0 slots: {method} {0x00000221173bdb98} 'isatty' '(I)I' in 'org/fusesource/jansi/internal/CLibrary'
stack at sp + 1 slots: 0x00007ff88c34d010 ntdll.dll
stack at sp + 2 slots: 0x00000045833ff360 is pointing into the stack for thread: 0x00000221746d1bb0
stack at sp + 3 slots: 0x0000000000000002 is an unknown value
stack at sp + 4 slots: 0x00000045833feedc is pointing into the stack for thread: 0x00000221746d1bb0
stack at sp + 5 slots: 0x00007ff800000000 is an unknown value
stack at sp + 6 slots: 0x00000000ffffffff is an unknown value
stack at sp + 7 slots: 0x000000101e7d2b30 is an unknown value


---------------  P R O C E S S  ---------------

Threads class SMR info:
_java_thread_list=0x0000022117995a30, length=11, elements={
0x00000221746d1bb0, 0x000002217ff340b0, 0x000002217ff34b80, 0x000002217ff4dd70,
0x000002217ff50640, 0x000002217ff55010, 0x000002217ff5a2b0, 0x000002217ff5ad50,
0x000002217ff63750, 0x00000221179994a0, 0x000002211799e4a0
}

Java Threads: ( => current thread )
=>0x00000221746d1bb0 JavaThread "main" [_thread_in_native, id=9480, stack(0x0000004583300000,0x0000004583400000)]
  0x000002217ff340b0 JavaThread "Reference Handler" daemon [_thread_blocked, id=14084, stack(0x0000004583a00000,0x0000004583b00000)]
  0x000002217ff34b80 JavaThread "Finalizer" daemon [_thread_blocked, id=14180, stack(0x0000004583b00000,0x0000004583c00000)]
  0x000002217ff4dd70 JavaThread "Signal Dispatcher" daemon [_thread_blocked, id=1180, stack(0x0000004583c00000,0x0000004583d00000)]
  0x000002217ff50640 JavaThread "Attach Listener" daemon [_thread_blocked, id=13176, stack(0x0000004583d00000,0x0000004583e00000)]
  0x000002217ff55010 JavaThread "Service Thread" daemon [_thread_blocked, id=3380, stack(0x0000004583e00000,0x0000004583f00000)]
  0x000002217ff5a2b0 JavaThread "C2 CompilerThread0" daemon [_thread_blocked, id=6228, stack(0x0000004583f00000,0x0000004584000000)]
  0x000002217ff5ad50 JavaThread "C1 CompilerThread0" daemon [_thread_blocked, id=14728, stack(0x0000004584000000,0x0000004584100000)]
  0x000002217ff63750 JavaThread "Sweeper thread" daemon [_thread_blocked, id=11640, stack(0x0000004584100000,0x0000004584200000)]
  0x00000221179994a0 JavaThread "Notification Thread" daemon [_thread_blocked, id=5352, stack(0x0000004584200000,0x0000004584300000)]
  0x000002211799e4a0 JavaThread "Common-Cleaner" daemon [_thread_blocked, id=6156, stack(0x0000004584400000,0x0000004584500000)]

Other Threads:
  0x000002217ff2d500 VMThread "VM Thread" [stack: 0x0000004583900000,0x0000004583a00000] [id=9156]
  0x000002211799e190 WatcherThread [stack: 0x0000004584300000,0x0000004584400000] [id=11688]
  0x0000022174716be0 GCTaskThread "GC Thread#0" [stack: 0x0000004583400000,0x0000004583500000] [id=10152]
  0x0000022174724b40 ConcurrentGCThread "G1 Main Marker" [stack: 0x0000004583500000,0x0000004583600000] [id=15304]
  0x0000022174725dd0 ConcurrentGCThread "G1 Conc#0" [stack: 0x0000004583600000,0x0000004583700000] [id=8580]
  0x00000221747a7e70 ConcurrentGCThread "G1 Refine#0" [stack: 0x0000004583700000,0x0000004583800000] [id=12928]
  0x00000221747a8970 ConcurrentGCThread "G1 Young RemSet Sampling" [stack: 0x0000004583800000,0x0000004583900000] [id=14100]

Threads with active compile tasks:

VM state: not at safepoint (normal execution)

VM Mutex/Monitor currently owned by a thread: None

Heap address: 0x0000000741000000, size: 3056 MB, Compressed Oops mode: Zero based, Oop shift amount: 3
CDS archive(s) mapped at: [0x0000000800000000-0x0000000800b50000-0x0000000800b50000), size 11862016, SharedBaseAddress: 0x0000000800000000, ArchiveRelocationMode: 0.
Compressed class space mapped at: 0x0000000800b50000-0x0000000840b50000, size: 1073741824
Narrow klass base: 0x0000000800000000, Narrow klass shift: 3, Narrow klass range: 0x100000000

GC Precious Log:
 CPUs: 4 total, 4 available
 Memory: 12221M
 Large Page Support: Disabled
 NUMA Support: Disabled
 Compressed Oops: Enabled (Zero based)
 Heap Region Size: 2M
 Heap Min Capacity: 8M
 Heap Initial Capacity: 192M
 Heap Max Capacity: 3056M
 Pre-touch: Disabled
 Parallel Workers: 4
 Concurrent Workers: 1
 Concurrent Refinement Workers: 4
 Periodic GC: Disabled

Heap:
 garbage-first heap   total 196608K, used 2048K [0x0000000741000000, 0x0000000800000000)
  region size 2048K, 2 young (4096K), 0 survivors (0K)
 Metaspace       used 824K, capacity 4729K, committed 4864K, reserved 1056768K
  class space    used 77K, capacity 427K, committed 512K, reserved 1048576K

Heap Regions: E=young(eden), S=young(survivor), O=old, HS=humongous(starts), HC=humongous(continues), CS=collection set, F=free, OA=open archive, CA=closed archive, TAMS=top-at-mark-start (previous, next)
|   0|0x0000000741000000, 0x0000000741000000, 0x0000000741200000|  0%| F|  |TAMS 0x0000000741000000, 0x0000000741000000| Untracked 
|   1|0x0000000741200000, 0x0000000741200000, 0x0000000741400000|  0%| F|  |TAMS 0x0000000741200000, 0x0000000741200000| Untracked 
|   2|0x0000000741400000, 0x0000000741400000, 0x0000000741600000|  0%| F|  |TAMS 0x0000000741400000, 0x0000000741400000| Untracked 
|   3|0x0000000741600000, 0x0000000741600000, 0x0000000741800000|  0%| F|  |TAMS 0x0000000741600000, 0x0000000741600000| Untracked 
|   4|0x0000000741800000, 0x0000000741800000, 0x0000000741a00000|  0%| F|  |TAMS 0x0000000741800000, 0x0000000741800000| Untracked 
|   5|0x0000000741a00000, 0x0000000741a00000, 0x0000000741c00000|  0%| F|  |TAMS 0x0000000741a00000, 0x0000000741a00000| Untracked 
|   6|0x0000000741c00000, 0x0000000741c00000, 0x0000000741e00000|  0%| F|  |TAMS 0x0000000741c00000, 0x0000000741c00000| Untracked 
|   7|0x0000000741e00000, 0x0000000741e00000, 0x0000000742000000|  0%| F|  |TAMS 0x0000000741e00000, 0x0000000741e00000| Untracked 
|   8|0x0000000742000000, 0x0000000742000000, 0x0000000742200000|  0%| F|  |TAMS 0x0000000742000000, 0x0000000742000000| Untracked 
|   9|0x0000000742200000, 0x0000000742200000, 0x0000000742400000|  0%| F|  |TAMS 0x0000000742200000, 0x0000000742200000| Untracked 
|  10|0x0000000742400000, 0x0000000742400000, 0x0000000742600000|  0%| F|  |TAMS 0x0000000742400000, 0x0000000742400000| Untracked 
|  11|0x0000000742600000, 0x0000000742600000, 0x0000000742800000|  0%| F|  |TAMS 0x0000000742600000, 0x0000000742600000| Untracked 
|  12|0x0000000742800000, 0x0000000742800000, 0x0000000742a00000|  0%| F|  |TAMS 0x0000000742800000, 0x0000000742800000| Untracked 
|  13|0x0000000742a00000, 0x0000000742a00000, 0x0000000742c00000|  0%| F|  |TAMS 0x0000000742a00000, 0x0000000742a00000| Untracked 
|  14|0x0000000742c00000, 0x0000000742c00000, 0x0000000742e00000|  0%| F|  |TAMS 0x0000000742c00000, 0x0000000742c00000| Untracked 
|  15|0x0000000742e00000, 0x0000000742e00000, 0x0000000743000000|  0%| F|  |TAMS 0x0000000742e00000, 0x0000000742e00000| Untracked 
|  16|0x0000000743000000, 0x0000000743000000, 0x0000000743200000|  0%| F|  |TAMS 0x0000000743000000, 0x0000000743000000| Untracked 
|  17|0x0000000743200000, 0x0000000743200000, 0x0000000743400000|  0%| F|  |TAMS 0x0000000743200000, 0x0000000743200000| Untracked 
|  18|0x0000000743400000, 0x0000000743400000, 0x0000000743600000|  0%| F|  |TAMS 0x0000000743400000, 0x0000000743400000| Untracked 
|  19|0x0000000743600000, 0x0000000743600000, 0x0000000743800000|  0%| F|  |TAMS 0x0000000743600000, 0x0000000743600000| Untracked 
|  20|0x0000000743800000, 0x0000000743800000, 0x0000000743a00000|  0%| F|  |TAMS 0x0000000743800000, 0x0000000743800000| Untracked 
|  21|0x0000000743a00000, 0x0000000743a00000, 0x0000000743c00000|  0%| F|  |TAMS 0x0000000743a00000, 0x0000000743a00000| Untracked 
|  22|0x0000000743c00000, 0x0000000743c00000, 0x0000000743e00000|  0%| F|  |TAMS 0x0000000743c00000, 0x0000000743c00000| Untracked 
|  23|0x0000000743e00000, 0x0000000743e00000, 0x0000000744000000|  0%| F|  |TAMS 0x0000000743e00000, 0x0000000743e00000| Untracked 
|  24|0x0000000744000000, 0x0000000744000000, 0x0000000744200000|  0%| F|  |TAMS 0x0000000744000000, 0x0000000744000000| Untracked 
|  25|0x0000000744200000, 0x0000000744200000, 0x0000000744400000|  0%| F|  |TAMS 0x0000000744200000, 0x0000000744200000| Untracked 
|  26|0x0000000744400000, 0x0000000744400000, 0x0000000744600000|  0%| F|  |TAMS 0x0000000744400000, 0x0000000744400000| Untracked 
|  27|0x0000000744600000, 0x0000000744600000, 0x0000000744800000|  0%| F|  |TAMS 0x0000000744600000, 0x0000000744600000| Untracked 
|  28|0x0000000744800000, 0x0000000744800000, 0x0000000744a00000|  0%| F|  |TAMS 0x0000000744800000, 0x0000000744800000| Untracked 
|  29|0x0000000744a00000, 0x0000000744a00000, 0x0000000744c00000|  0%| F|  |TAMS 0x0000000744a00000, 0x0000000744a00000| Untracked 
|  30|0x0000000744c00000, 0x0000000744c00000, 0x0000000744e00000|  0%| F|  |TAMS 0x0000000744c00000, 0x0000000744c00000| Untracked 
|  31|0x0000000744e00000, 0x0000000744e00000, 0x0000000745000000|  0%| F|  |TAMS 0x0000000744e00000, 0x0000000744e00000| Untracked 
|  32|0x0000000745000000, 0x0000000745000000, 0x0000000745200000|  0%| F|  |TAMS 0x0000000745000000, 0x0000000745000000| Untracked 
|  33|0x0000000745200000, 0x0000000745200000, 0x0000000745400000|  0%| F|  |TAMS 0x0000000745200000, 0x0000000745200000| Untracked 
|  34|0x0000000745400000, 0x0000000745400000, 0x0000000745600000|  0%| F|  |TAMS 0x0000000745400000, 0x0000000745400000| Untracked 
|  35|0x0000000745600000, 0x0000000745600000, 0x0000000745800000|  0%| F|  |TAMS 0x0000000745600000, 0x0000000745600000| Untracked 
|  36|0x0000000745800000, 0x0000000745800000, 0x0000000745a00000|  0%| F|  |TAMS 0x0000000745800000, 0x0000000745800000| Untracked 
|  37|0x0000000745a00000, 0x0000000745a00000, 0x0000000745c00000|  0%| F|  |TAMS 0x0000000745a00000, 0x0000000745a00000| Untracked 
|  38|0x0000000745c00000, 0x0000000745c00000, 0x0000000745e00000|  0%| F|  |TAMS 0x0000000745c00000, 0x0000000745c00000| Untracked 
|  39|0x0000000745e00000, 0x0000000745e00000, 0x0000000746000000|  0%| F|  |TAMS 0x0000000745e00000, 0x0000000745e00000| Untracked 
|  40|0x0000000746000000, 0x0000000746000000, 0x0000000746200000|  0%| F|  |TAMS 0x0000000746000000, 0x0000000746000000| Untracked 
|  41|0x0000000746200000, 0x0000000746200000, 0x0000000746400000|  0%| F|  |TAMS 0x0000000746200000, 0x0000000746200000| Untracked 
|  42|0x0000000746400000, 0x0000000746400000, 0x0000000746600000|  0%| F|  |TAMS 0x0000000746400000, 0x0000000746400000| Untracked 
|  43|0x0000000746600000, 0x0000000746600000, 0x0000000746800000|  0%| F|  |TAMS 0x0000000746600000, 0x0000000746600000| Untracked 
|  44|0x0000000746800000, 0x0000000746800000, 0x0000000746a00000|  0%| F|  |TAMS 0x0000000746800000, 0x0000000746800000| Untracked 
|  45|0x0000000746a00000, 0x0000000746a00000, 0x0000000746c00000|  0%| F|  |TAMS 0x0000000746a00000, 0x0000000746a00000| Untracked 
|  46|0x0000000746c00000, 0x0000000746c00000, 0x0000000746e00000|  0%| F|  |TAMS 0x0000000746c00000, 0x0000000746c00000| Untracked 
|  47|0x0000000746e00000, 0x0000000746e00000, 0x0000000747000000|  0%| F|  |TAMS 0x0000000746e00000, 0x0000000746e00000| Untracked 
|  48|0x0000000747000000, 0x0000000747000000, 0x0000000747200000|  0%| F|  |TAMS 0x0000000747000000, 0x0000000747000000| Untracked 
|  49|0x0000000747200000, 0x0000000747200000, 0x0000000747400000|  0%| F|  |TAMS 0x0000000747200000, 0x0000000747200000| Untracked 
|  50|0x0000000747400000, 0x0000000747400000, 0x0000000747600000|  0%| F|  |TAMS 0x0000000747400000, 0x0000000747400000| Untracked 
|  51|0x0000000747600000, 0x0000000747600000, 0x0000000747800000|  0%| F|  |TAMS 0x0000000747600000, 0x0000000747600000| Untracked 
|  52|0x0000000747800000, 0x0000000747800000, 0x0000000747a00000|  0%| F|  |TAMS 0x0000000747800000, 0x0000000747800000| Untracked 
|  53|0x0000000747a00000, 0x0000000747a00000, 0x0000000747c00000|  0%| F|  |TAMS 0x0000000747a00000, 0x0000000747a00000| Untracked 
|  54|0x0000000747c00000, 0x0000000747c00000, 0x0000000747e00000|  0%| F|  |TAMS 0x0000000747c00000, 0x0000000747c00000| Untracked 
|  55|0x0000000747e00000, 0x0000000747e00000, 0x0000000748000000|  0%| F|  |TAMS 0x0000000747e00000, 0x0000000747e00000| Untracked 
|  56|0x0000000748000000, 0x0000000748000000, 0x0000000748200000|  0%| F|  |TAMS 0x0000000748000000, 0x0000000748000000| Untracked 
|  57|0x0000000748200000, 0x0000000748200000, 0x0000000748400000|  0%| F|  |TAMS 0x0000000748200000, 0x0000000748200000| Untracked 
|  58|0x0000000748400000, 0x0000000748400000, 0x0000000748600000|  0%| F|  |TAMS 0x0000000748400000, 0x0000000748400000| Untracked 
|  59|0x0000000748600000, 0x0000000748600000, 0x0000000748800000|  0%| F|  |TAMS 0x0000000748600000, 0x0000000748600000| Untracked 
|  60|0x0000000748800000, 0x0000000748800000, 0x0000000748a00000|  0%| F|  |TAMS 0x0000000748800000, 0x0000000748800000| Untracked 
|  61|0x0000000748a00000, 0x0000000748a00000, 0x0000000748c00000|  0%| F|  |TAMS 0x0000000748a00000, 0x0000000748a00000| Untracked 
|  62|0x0000000748c00000, 0x0000000748c00000, 0x0000000748e00000|  0%| F|  |TAMS 0x0000000748c00000, 0x0000000748c00000| Untracked 
|  63|0x0000000748e00000, 0x0000000748e00000, 0x0000000749000000|  0%| F|  |TAMS 0x0000000748e00000, 0x0000000748e00000| Untracked 
|  64|0x0000000749000000, 0x0000000749000000, 0x0000000749200000|  0%| F|  |TAMS 0x0000000749000000, 0x0000000749000000| Untracked 
|  65|0x0000000749200000, 0x0000000749200000, 0x0000000749400000|  0%| F|  |TAMS 0x0000000749200000, 0x0000000749200000| Untracked 
|  66|0x0000000749400000, 0x0000000749400000, 0x0000000749600000|  0%| F|  |TAMS 0x0000000749400000, 0x0000000749400000| Untracked 
|  67|0x0000000749600000, 0x0000000749600000, 0x0000000749800000|  0%| F|  |TAMS 0x0000000749600000, 0x0000000749600000| Untracked 
|  68|0x0000000749800000, 0x0000000749800000, 0x0000000749a00000|  0%| F|  |TAMS 0x0000000749800000, 0x0000000749800000| Untracked 
|  69|0x0000000749a00000, 0x0000000749a00000, 0x0000000749c00000|  0%| F|  |TAMS 0x0000000749a00000, 0x0000000749a00000| Untracked 
|  70|0x0000000749c00000, 0x0000000749c00000, 0x0000000749e00000|  0%| F|  |TAMS 0x0000000749c00000, 0x0000000749c00000| Untracked 
|  71|0x0000000749e00000, 0x0000000749e00000, 0x000000074a000000|  0%| F|  |TAMS 0x0000000749e00000, 0x0000000749e00000| Untracked 
|  72|0x000000074a000000, 0x000000074a000000, 0x000000074a200000|  0%| F|  |TAMS 0x000000074a000000, 0x000000074a000000| Untracked 
|  73|0x000000074a200000, 0x000000074a200000, 0x000000074a400000|  0%| F|  |TAMS 0x000000074a200000, 0x000000074a200000| Untracked 
|  74|0x000000074a400000, 0x000000074a400000, 0x000000074a600000|  0%| F|  |TAMS 0x000000074a400000, 0x000000074a400000| Untracked 
|  75|0x000000074a600000, 0x000000074a600000, 0x000000074a800000|  0%| F|  |TAMS 0x000000074a600000, 0x000000074a600000| Untracked 
|  76|0x000000074a800000, 0x000000074a800000, 0x000000074aa00000|  0%| F|  |TAMS 0x000000074a800000, 0x000000074a800000| Untracked 
|  77|0x000000074aa00000, 0x000000074aa00000, 0x000000074ac00000|  0%| F|  |TAMS 0x000000074aa00000, 0x000000074aa00000| Untracked 
|  78|0x000000074ac00000, 0x000000074ac00000, 0x000000074ae00000|  0%| F|  |TAMS 0x000000074ac00000, 0x000000074ac00000| Untracked 
|  79|0x000000074ae00000, 0x000000074ae00000, 0x000000074b000000|  0%| F|  |TAMS 0x000000074ae00000, 0x000000074ae00000| Untracked 
|  80|0x000000074b000000, 0x000000074b000000, 0x000000074b200000|  0%| F|  |TAMS 0x000000074b000000, 0x000000074b000000| Untracked 
|  81|0x000000074b200000, 0x000000074b200000, 0x000000074b400000|  0%| F|  |TAMS 0x000000074b200000, 0x000000074b200000| Untracked 
|  82|0x000000074b400000, 0x000000074b400000, 0x000000074b600000|  0%| F|  |TAMS 0x000000074b400000, 0x000000074b400000| Untracked 
|  83|0x000000074b600000, 0x000000074b600000, 0x000000074b800000|  0%| F|  |TAMS 0x000000074b600000, 0x000000074b600000| Untracked 
|  84|0x000000074b800000, 0x000000074b800000, 0x000000074ba00000|  0%| F|  |TAMS 0x000000074b800000, 0x000000074b800000| Untracked 
|  85|0x000000074ba00000, 0x000000074ba00000, 0x000000074bc00000|  0%| F|  |TAMS 0x000000074ba00000, 0x000000074ba00000| Untracked 
|  86|0x000000074bc00000, 0x000000074bc00000, 0x000000074be00000|  0%| F|  |TAMS 0x000000074bc00000, 0x000000074bc00000| Untracked 
|  87|0x000000074be00000, 0x000000074be00000, 0x000000074c000000|  0%| F|  |TAMS 0x000000074be00000, 0x000000074be00000| Untracked 
|  88|0x000000074c000000, 0x000000074c000000, 0x000000074c200000|  0%| F|  |TAMS 0x000000074c000000, 0x000000074c000000| Untracked 
|  89|0x000000074c200000, 0x000000074c200000, 0x000000074c400000|  0%| F|  |TAMS 0x000000074c200000, 0x000000074c200000| Untracked 
|  90|0x000000074c400000, 0x000000074c400000, 0x000000074c600000|  0%| F|  |TAMS 0x000000074c400000, 0x000000074c400000| Untracked 
|  91|0x000000074c600000, 0x000000074c600000, 0x000000074c800000|  0%| F|  |TAMS 0x000000074c600000, 0x000000074c600000| Untracked 
|  92|0x000000074c800000, 0x000000074c800000, 0x000000074ca00000|  0%| F|  |TAMS 0x000000074c800000, 0x000000074c800000| Untracked 
|  93|0x000000074ca00000, 0x000000074ca00000, 0x000000074cc00000|  0%| F|  |TAMS 0x000000074ca00000, 0x000000074ca00000| Untracked 
|  94|0x000000074cc00000, 0x000000074cd021e0, 0x000000074ce00000| 50%| E|  |TAMS 0x000000074cc00000, 0x000000074cc00000| Complete 
|  95|0x000000074ce00000, 0x000000074d000000, 0x000000074d000000|100%| E|CS|TAMS 0x000000074ce00000, 0x000000074ce00000| Complete 

Card table byte_map: [0x000002217ed10000,0x000002217f310000] _byte_map_base: 0x000002217b308000

Marking Bits (Prev, Next): (CMBitMap*) 0x00000221747182e0, (CMBitMap*) 0x0000022174718320
 Prev Bits: [0x000002210f000000, 0x0000022111fc0000)
 Next Bits: [0x0000022111fc0000, 0x0000022114f80000)

Polling page: 0x00000221747b0000

Metaspace:

Usage:
  Non-class:      4.20 MB capacity,   746.48 KB ( 17%) used,     3.47 MB ( 83%) free+waste,   576 bytes ( <1%) overhead. 
      Class:    427.00 KB capacity,    77.95 KB ( 18%) used,   348.55 KB ( 82%) free+waste,   512 bytes ( <1%) overhead. 
       Both:      4.62 MB capacity,   824.43 KB ( 17%) used,     3.81 MB ( 83%) free+waste,     1.06 KB ( <1%) overhead. 

Virtual space:
  Non-class space:        8.00 MB reserved,       4.25 MB ( 53%) committed 
      Class space:        1.00 GB reserved,     512.00 KB ( <1%) committed 
             Both:        1.01 GB reserved,       4.75 MB ( <1%) committed 

Chunk freelists:
   Non-Class:  50.00 KB
       Class:  21.00 KB
        Both:  71.00 KB

MaxMetaspaceSize: 17179869184.00 GB
CompressedClassSpaceSize: 1.00 GB

CodeHeap 'non-profiled nmethods': size=120000Kb used=66Kb max_used=66Kb free=119933Kb
 bounds [0x0000022107ad0000, 0x0000022107d40000, 0x000002210f000000]
CodeHeap 'profiled nmethods': size=120000Kb used=256Kb max_used=256Kb free=119743Kb
 bounds [0x00000221005a0000, 0x0000022100810000, 0x0000022107ad0000]
CodeHeap 'non-nmethods': size=5760Kb used=1119Kb max_used=1133Kb free=4640Kb
 bounds [0x0000022100000000, 0x0000022100270000, 0x00000221005a0000]
 total_blobs=585 nmethods=222 adapters=276
 compilation: enabled
              stopped_count=0, restarted_count=0
 full_count=0

Compilation events (20 events):
Event: 0.205 Thread 0x000002217ff5a2b0  213       4       java.lang.StringLatin1::indexOf (61 bytes)
Event: 0.205 Thread 0x000002217ff5ad50  214       3       java.lang.CharacterData::of (124 bytes)
Event: 0.205 Thread 0x000002217ff5ad50 nmethod 214 0x00000221005dd010 code [0x00000221005dd200, 0x00000221005dd9d8]
Event: 0.205 Thread 0x000002217ff5ad50  218       3       java.lang.Character::toUpperCase (9 bytes)
Event: 0.205 Thread 0x000002217ff5ad50 nmethod 218 0x00000221005ddc10 code [0x00000221005dddc0, 0x00000221005ddf98]
Event: 0.205 Thread 0x000002217ff5ad50  215       3       java.lang.CharacterDataLatin1::toUpperCase (53 bytes)
Event: 0.205 Thread 0x000002217ff5ad50 nmethod 215 0x00000221005de090 code [0x00000221005de240, 0x00000221005de4b8]
Event: 0.205 Thread 0x000002217ff5ad50  216       3       java.lang.Character::toUpperCase (6 bytes)
Event: 0.206 Thread 0x000002217ff5ad50 nmethod 216 0x00000221005de610 code [0x00000221005de7c0, 0x00000221005dea18]
Event: 0.206 Thread 0x000002217ff5ad50  217       1       java.util.HashMap$Node::getValue (5 bytes)
Event: 0.206 Thread 0x000002217ff5ad50 nmethod 217 0x0000022107ae0010 code [0x0000022107ae01a0, 0x0000022107ae0258]
Event: 0.206 Thread 0x000002217ff5ad50  219       1       java.util.HashMap$Node::getKey (5 bytes)
Event: 0.206 Thread 0x000002217ff5ad50 nmethod 219 0x0000022107ae0310 code [0x0000022107ae04a0, 0x0000022107ae0558]
Event: 0.206 Thread 0x000002217ff5ad50  220       3       java.lang.String::startsWith (138 bytes)
Event: 0.207 Thread 0x000002217ff5a2b0 nmethod 213 0x0000022107ae0610 code [0x0000022107ae07a0, 0x0000022107ae0978]
Event: 0.207 Thread 0x000002217ff5ad50 nmethod 220 0x00000221005deb10 code [0x00000221005ded20, 0x00000221005df538]
Event: 0.207 Thread 0x000002217ff5ad50  222       3       java.lang.StringCoding::hasNegatives (25 bytes)
Event: 0.207 Thread 0x000002217ff5ad50 nmethod 222 0x00000221005df810 code [0x00000221005df9c0, 0x00000221005dfbd8]
Event: 0.207 Thread 0x000002217ff5ad50  221       3       java.util.Objects::requireNonNull (15 bytes)
Event: 0.207 Thread 0x000002217ff5ad50 nmethod 221 0x00000221005dfd10 code [0x00000221005dfec0, 0x00000221005e00a8]

GC Heap History (0 events):
No events

Deoptimization events (8 events):
Event: 0.146 Thread 0x00000221746d1bb0 Uncommon trap: trap_request=0xffffff45 fr.pc=0x0000022107ad929c relative=0x000000000000017c
Event: 0.146 Thread 0x00000221746d1bb0 Uncommon trap: reason=unstable_if action=reinterpret pc=0x0000022107ad929c method=java.lang.String.startsWith(Ljava/lang/String;I)Z @ 89 c2
Event: 0.146 Thread 0x00000221746d1bb0 DEOPT PACKING pc=0x0000022107ad929c sp=0x00000045833fd5c0
Event: 0.146 Thread 0x00000221746d1bb0 DEOPT UNPACKING pc=0x000002210004e42f sp=0x00000045833fd520 mode 2
Event: 0.147 Thread 0x00000221746d1bb0 Uncommon trap: trap_request=0xffffff45 fr.pc=0x0000022107ad403c relative=0x000000000000021c
Event: 0.147 Thread 0x00000221746d1bb0 Uncommon trap: reason=unstable_if action=reinterpret pc=0x0000022107ad403c method=java.lang.String.hashCode()I @ 13 c2
Event: 0.147 Thread 0x00000221746d1bb0 DEOPT PACKING pc=0x0000022107ad403c sp=0x00000045833fc9e0
Event: 0.147 Thread 0x00000221746d1bb0 DEOPT UNPACKING pc=0x000002210004e42f sp=0x00000045833fc978 mode 2

Classes unloaded (0 events):
No events

Classes redefined (0 events):
No events

Internal exceptions (20 events):
Event: 0.205 Thread 0x00000221746d1bb0 Exception <a 'java/io/IOException'{0x000000074ccbf2a8}> (0x000000074ccbf2a8) 
thrown [./open/src/hotspot/share/prims/jni.cpp, line 578]
Event: 0.205 Thread 0x00000221746d1bb0 Exception <a 'java/io/IOException'{0x000000074ccbf5b8}> (0x000000074ccbf5b8) 
thrown [./open/src/hotspot/share/prims/jni.cpp, line 578]
Event: 0.205 Thread 0x00000221746d1bb0 Exception <a 'java/lang/NullPointerException'{0x000000074ccbf8f8}> (0x000000074ccbf8f8) 
thrown [./open/src/hotspot/share/interpreter/linkResolver.cpp, line 1374]
Event: 0.205 Thread 0x00000221746d1bb0 Exception <a 'java/io/IOException'{0x000000074ccbfcc0}> (0x000000074ccbfcc0) 
thrown [./open/src/hotspot/share/prims/jni.cpp, line 578]
Event: 0.205 Thread 0x00000221746d1bb0 Exception <a 'java/io/IOException'{0x000000074ccbffd0}> (0x000000074ccbffd0) 
thrown [./open/src/hotspot/share/prims/jni.cpp, line 578]
Event: 0.207 Thread 0x00000221746d1bb0 Exception <a 'java/lang/NullPointerException'{0x000000074ccd2888}> (0x000000074ccd2888) 
thrown [./open/src/hotspot/share/interpreter/linkResolver.cpp, line 1374]
Event: 0.207 Thread 0x00000221746d1bb0 Exception <a 'java/io/IOException'{0x000000074ccd2c28}> (0x000000074ccd2c28) 
thrown [./open/src/hotspot/share/prims/jni.cpp, line 578]
Event: 0.207 Thread 0x00000221746d1bb0 Exception <a 'java/io/IOException'{0x000000074ccd2f38}> (0x000000074ccd2f38) 
thrown [./open/src/hotspot/share/prims/jni.cpp, line 578]
Event: 0.207 Thread 0x00000221746d1bb0 Exception <a 'java/io/IOException'{0x000000074ccd3280}> (0x000000074ccd3280) 
thrown [./open/src/hotspot/share/prims/jni.cpp, line 578]
Event: 0.207 Thread 0x00000221746d1bb0 Exception <a 'java/io/IOException'{0x000000074ccd3590}> (0x000000074ccd3590) 
thrown [./open/src/hotspot/share/prims/jni.cpp, line 578]
Event: 0.207 Thread 0x00000221746d1bb0 Exception <a 'java/io/IOException'{0x000000074ccd3980}> (0x000000074ccd3980) 
thrown [./open/src/hotspot/share/prims/jni.cpp, line 578]
Event: 0.207 Thread 0x00000221746d1bb0 Exception <a 'java/io/IOException'{0x000000074ccd3c90}> (0x000000074ccd3c90) 
thrown [./open/src/hotspot/share/prims/jni.cpp, line 578]
Event: 0.207 Thread 0x00000221746d1bb0 Exception <a 'java/io/IOException'{0x000000074ccd4080}> (0x000000074ccd4080) 
thrown [./open/src/hotspot/share/prims/jni.cpp, line 578]
Event: 0.207 Thread 0x00000221746d1bb0 Exception <a 'java/io/IOException'{0x000000074ccd4390}> (0x000000074ccd4390) 
thrown [./open/src/hotspot/share/prims/jni.cpp, line 578]
Event: 0.207 Thread 0x00000221746d1bb0 Exception <a 'java/io/IOException'{0x000000074ccd4780}> (0x000000074ccd4780) 
thrown [./open/src/hotspot/share/prims/jni.cpp, line 578]
Event: 0.207 Thread 0x00000221746d1bb0 Exception <a 'java/io/IOException'{0x000000074ccd4a90}> (0x000000074ccd4a90) 
thrown [./open/src/hotspot/share/prims/jni.cpp, line 578]
Event: 0.207 Thread 0x00000221746d1bb0 Exception <a 'java/io/IOException'{0x000000074ccd4ec0}> (0x000000074ccd4ec0) 
thrown [./open/src/hotspot/share/prims/jni.cpp, line 578]
Event: 0.207 Thread 0x00000221746d1bb0 Exception <a 'java/io/IOException'{0x000000074ccd51d0}> (0x000000074ccd51d0) 
thrown [./open/src/hotspot/share/prims/jni.cpp, line 578]
Event: 0.207 Thread 0x00000221746d1bb0 Exception <a 'java/io/IOException'{0x000000074ccd5518}> (0x000000074ccd5518) 
thrown [./open/src/hotspot/share/prims/jni.cpp, line 578]
Event: 0.207 Thread 0x00000221746d1bb0 Exception <a 'java/io/IOException'{0x000000074ccd5828}> (0x000000074ccd5828) 
thrown [./open/src/hotspot/share/prims/jni.cpp, line 578]

Events (20 events):
Event: 0.203 loading class java/nio/charset/UnsupportedCharsetException
Event: 0.203 loading class java/nio/charset/UnsupportedCharsetException done
Event: 0.204 loading class java/lang/ProcessEnvironment
Event: 0.204 loading class java/lang/ProcessEnvironment done
Event: 0.204 Executing VM operation: HandshakeAllThreads
Event: 0.204 Executing VM operation: HandshakeAllThreads done
Event: 0.205 loading class java/lang/ProcessEnvironment$NameComparator
Event: 0.205 loading class java/lang/ProcessEnvironment$NameComparator done
Event: 0.205 loading class java/lang/ProcessEnvironment$EntryComparator
Event: 0.205 loading class java/lang/ProcessEnvironment$EntryComparator done
Event: 0.205 loading class java/lang/ProcessEnvironment$CheckedEntrySet
Event: 0.205 loading class java/lang/ProcessEnvironment$CheckedEntrySet done
Event: 0.205 loading class java/lang/ProcessEnvironment$CheckedEntrySet$1
Event: 0.205 loading class java/lang/ProcessEnvironment$CheckedEntrySet$1 done
Event: 0.205 loading class java/lang/ProcessEnvironment$CheckedEntry
Event: 0.205 loading class java/lang/ProcessEnvironment$CheckedEntry done
Event: 0.206 loading class java/util/concurrent/Callable
Event: 0.206 loading class java/util/concurrent/Callable done
Event: 0.206 loading class java/lang/InheritableThreadLocal
Event: 0.206 loading class java/lang/InheritableThreadLocal done


Dynamic libraries:
0x00007ff736b10000 - 0x00007ff736b1f000 	C:\Program Files\Java\jdk-15.0.2\bin\javaw.exe
0x00007ff88c2b0000 - 0x00007ff88c4a5000 	C:\WINDOWS\SYSTEM32\ntdll.dll
0x00007ff88c0a0000 - 0x00007ff88c15d000 	C:\WINDOWS\System32\KERNEL32.DLL
0x00007ff889c60000 - 0x00007ff889f28000 	C:\WINDOWS\System32\KERNELBASE.dll
0x00007ff889f80000 - 0x00007ff88a080000 	C:\WINDOWS\System32\ucrtbase.dll
0x00007ff87e320000 - 0x00007ff87e339000 	C:\Program Files\Java\jdk-15.0.2\bin\VCRUNTIME140.dll
0x00007ff87e340000 - 0x00007ff87e358000 	C:\Program Files\Java\jdk-15.0.2\bin\jli.dll
0x00007ff88b650000 - 0x00007ff88b6fc000 	C:\WINDOWS\System32\ADVAPI32.dll
0x00007ff88b910000 - 0x00007ff88b9ae000 	C:\WINDOWS\System32\msvcrt.dll
0x00007ff88b730000 - 0x00007ff88b7cb000 	C:\WINDOWS\System32\sechost.dll
0x00007ff88ac90000 - 0x00007ff88adbb000 	C:\WINDOWS\System32\RPCRT4.dll
0x00007ff88b050000 - 0x00007ff88b1f0000 	C:\WINDOWS\System32\USER32.dll
0x00007ff889c30000 - 0x00007ff889c52000 	C:\WINDOWS\System32\win32u.dll
0x00007ff88be20000 - 0x00007ff88be4a000 	C:\WINDOWS\System32\GDI32.dll
0x00007ff888670000 - 0x00007ff88890a000 	C:\WINDOWS\WinSxS\amd64_microsoft.windows.common-controls_6595b64144ccf1df_6.0.19041.844_none_ca00b6081b84eb1d\COMCTL32.dll
0x00007ff8899f0000 - 0x00007ff889afb000 	C:\WINDOWS\System32\gdi32full.dll
0x00007ff889b60000 - 0x00007ff889bfd000 	C:\WINDOWS\System32\msvcp_win.dll
0x00007ff8896d0000 - 0x00007ff8896da000 	C:\WINDOWS\SYSTEM32\VERSION.dll
0x00007ff88b700000 - 0x00007ff88b730000 	C:\WINDOWS\System32\IMM32.DLL
0x00007ff883ba0000 - 0x00007ff883bac000 	C:\Program Files\Java\jdk-15.0.2\bin\vcruntime140_1.dll
0x00007ff85bb60000 - 0x00007ff85bbf1000 	C:\Program Files\Java\jdk-15.0.2\bin\msvcp140.dll
0x00007ff81e260000 - 0x00007ff81edbe000 	C:\Program Files\Java\jdk-15.0.2\bin\server\jvm.dll
0x00007ff88b200000 - 0x00007ff88b208000 	C:\WINDOWS\System32\PSAPI.DLL
0x00007ff880370000 - 0x00007ff880397000 	C:\WINDOWS\SYSTEM32\WINMM.dll
0x00007ff87e500000 - 0x00007ff87e509000 	C:\WINDOWS\SYSTEM32\WSOCK32.dll
0x00007ff88b5e0000 - 0x00007ff88b64b000 	C:\WINDOWS\System32\WS2_32.dll
0x00007ff8872a0000 - 0x00007ff8872b2000 	C:\WINDOWS\SYSTEM32\kernel.appcore.dll
0x00007ff883b60000 - 0x00007ff883b6a000 	C:\Program Files\Java\jdk-15.0.2\bin\jimage.dll
0x00007ff889390000 - 0x00007ff889574000 	C:\WINDOWS\SYSTEM32\DBGHELP.DLL
0x00007ff888f40000 - 0x00007ff888f6c000 	C:\WINDOWS\SYSTEM32\dbgcore.DLL
0x00007ff88a1e0000 - 0x00007ff88a260000 	C:\WINDOWS\System32\bcryptPrimitives.dll
0x00007ff87e090000 - 0x00007ff87e0b5000 	C:\Program Files\Java\jdk-15.0.2\bin\java.dll
0x00007ff88a310000 - 0x00007ff88aa52000 	C:\WINDOWS\System32\SHELL32.dll
0x00007ff8874a0000 - 0x00007ff887c30000 	C:\WINDOWS\SYSTEM32\windows.storage.dll
0x00007ff88b280000 - 0x00007ff88b5d5000 	C:\WINDOWS\System32\combase.dll
0x00007ff889050000 - 0x00007ff88907c000 	C:\WINDOWS\SYSTEM32\Wldp.dll
0x00007ff88abe0000 - 0x00007ff88ac8e000 	C:\WINDOWS\System32\SHCORE.dll
0x00007ff88af70000 - 0x00007ff88afc5000 	C:\WINDOWS\System32\shlwapi.dll
0x00007ff889930000 - 0x00007ff88994f000 	C:\WINDOWS\SYSTEM32\profapi.dll
0x00007ff87e300000 - 0x00007ff87e319000 	C:\Program Files\Java\jdk-15.0.2\bin\net.dll
0x00007ff87f590000 - 0x00007ff87f69b000 	C:\WINDOWS\SYSTEM32\WINHTTP.dll
0x00007ff888d30000 - 0x00007ff888d9a000 	C:\WINDOWS\system32\mswsock.dll
0x00007ff870d70000 - 0x00007ff870d82000 	C:\Program Files\Java\jdk-15.0.2\bin\nio.dll
0x00007ff870d50000 - 0x00007ff870d68000 	C:\Program Files\Java\jdk-15.0.2\bin\zip.dll
0x0000000069ac0000 - 0x0000000069b1b000 	C:\Users\USUARIO\AppData\Local\Temp\jansi-2.1.0-cf6b91a0247a02d-jansi.dll

dbghelp: loaded successfully - version: 4.0.5 - missing functions: none
symbol engine: initialized successfully - sym options: 0x614 - pdb path: .;C:\Program Files\Java\jdk-15.0.2\bin;C:\WINDOWS\SYSTEM32;C:\WINDOWS\WinSxS\amd64_microsoft.windows.common-controls_6595b64144ccf1df_6.0.19041.844_none_ca00b6081b84eb1d;C:\Program Files\Java\jdk-15.0.2\bin\server;C:\Users\USUARIO\AppData\Local\Temp

VM Arguments:
java_command: D:\Downloads\Midi_Ascii_Party_Rebelde-main\Midi_Ascii_Party_Rebelde-main\jansi-2.1.0.jar
java_class_path (initial): D:\Downloads\Midi_Ascii_Party_Rebelde-main\Midi_Ascii_Party_Rebelde-main\jansi-2.1.0.jar
Launcher Type: SUN_STANDARD

[Global flags]
     intx CICompilerCount                          = 3                                         {product} {ergonomic}
     uint ConcGCThreads                            = 1                                         {product} {ergonomic}
     uint G1ConcRefinementThreads                  = 4                                         {product} {ergonomic}
   size_t G1HeapRegionSize                         = 2097152                                   {product} {ergonomic}
    uintx GCDrainStackTargetSize                   = 64                                        {product} {ergonomic}
   size_t InitialHeapSize                          = 201326592                                 {product} {ergonomic}
   size_t MarkStackSize                            = 4194304                                   {product} {ergonomic}
   size_t MaxHeapSize                              = 3204448256                                {product} {ergonomic}
   size_t MaxNewSize                               = 1920991232                                {product} {ergonomic}
   size_t MinHeapDeltaBytes                        = 2097152                                   {product} {ergonomic}
   size_t MinHeapSize                              = 8388608                                   {product} {ergonomic}
    uintx NonNMethodCodeHeapSize                   = 5832780                                {pd product} {ergonomic}
    uintx NonProfiledCodeHeapSize                  = 122912730                              {pd product} {ergonomic}
    uintx ProfiledCodeHeapSize                     = 122912730                              {pd product} {ergonomic}
    uintx ReservedCodeCacheSize                    = 251658240                              {pd product} {ergonomic}
     bool SegmentedCodeCache                       = true                                      {product} {ergonomic}
   size_t SoftMaxHeapSize                          = 3204448256                             {manageable} {ergonomic}
     bool UseCompressedClassPointers               = true                                 {lp64_product} {ergonomic}
     bool UseCompressedOops                        = true                                 {lp64_product} {ergonomic}
     bool UseG1GC                                  = true                                      {product} {ergonomic}
     bool UseLargePagesIndividualAllocation        = false                                  {pd product} {ergonomic}

Logging:
Log output configuration:
 #0: stdout all=warning uptime,level,tags
 #1: stderr all=off uptime,level,tags

Environment Variables:
PATH=C:\Program Files\Common Files\Oracle\Java\javapath;C:\ProgramData\Oracle\Java\javapath;C:\WINDOWS\system32;C:\WINDOWS;C:\WINDOWS\System32\Wbem;C:\WINDOWS\System32\WindowsPowerShell\v1.0\;C:\WINDOWS\System32\OpenSSH\;C:\Program Files\nodejs\;C:\Program Files (x86)\NVIDIA Corporation\PhysX\Common;C:\Program Files\NVIDIA Corporation\NVIDIA NvDLISR;C:\Program Files\Git\cmd;C:\WINDOWS\system32;C:\WINDOWS;C:\WINDOWS\System32\Wbem;C:\WINDOWS\System32\WindowsPowerShell\v1.0\;C:\WINDOWS\System32\OpenSSH\;C:\Users\USUARIO\AppData\Local\Programs\Python\Python39\Scripts\;C:\Users\USUARIO\AppData\Local\Programs\Python\Python39\;C:\Program Files\Java\jdk-15.0.2\bin;C:\Users\USUARIO\AppData\Local\Microsoft\WindowsApps;C:\Users\USUARIO\AppData\Roaming\npm;C:\Users\USUARIO\AppData\Local\Programs\Microsoft VS Code\bin;C:\Users\USUARIO\AppData\Local\GitHubDesktop\bin
USERNAME=USUARIO
OS=Windows_NT
PROCESSOR_IDENTIFIER=Intel64 Family 6 Model 158 Stepping 10, GenuineIntel



---------------  S Y S T E M  ---------------

OS:
 Windows 10 , 64 bit Build 19041 (10.0.19041.928)
OS uptime: 0 days 1:06 hours

CPU: total 4 (initial active 4) (4 cores per cpu, 1 threads per core) family 6 model 158 stepping 10 microcode 0xde, cmov, cx8, fxsr, mmx, sse, sse2, sse3, ssse3, sse4.1, sse4.2, popcnt, vzeroupper, avx, avx2, aes, clmul, erms, 3dnowpref, lzcnt, tsc, tscinvbit, bmi1, bmi2, adx, fma, clflush, clflushopt

Memory: 4k page, system-wide physical 12221M (6769M free)
TotalPageFile size 21437M (AvailPageFile size 11438M)
current process WorkingSet (physical memory assigned to process): 34M, peak: 34M
current process commit charge ("private bytes"): 272M, peak: 272M

vm_info: Java HotSpot(TM) 64-Bit Server VM (15.0.2+7-27) for windows-amd64 JRE (15.0.2+7-27), built on Dec  7 2020 20:07:01 by "mach5one" with unknown MS VC++:1925

END.
